e:\vj\supermariobros1\02-bubble\02-bubble\debug\vc140.pdb
e:\vj\supermariobros1\02-bubble\02-bubble\debug\vc140.idb
e:\vj\supermariobros1\02-bubble\02-bubble\debug\entity.obj
e:\vj\supermariobros1\02-bubble\02-bubble\debug\game.obj
e:\vj\supermariobros1\02-bubble\02-bubble\debug\gameui.obj
e:\vj\supermariobros1\02-bubble\02-bubble\debug\interrogantblock.obj
e:\vj\supermariobros1\02-bubble\02-bubble\debug\jumpingmoney.obj
e:\vj\supermariobros1\02-bubble\02-bubble\debug\main.obj
e:\vj\supermariobros1\02-bubble\02-bubble\debug\mediaplayer.obj
e:\vj\supermariobros1\02-bubble\02-bubble\debug\menuui.obj
e:\vj\supermariobros1\02-bubble\02-bubble\debug\mushmonster.obj
e:\vj\supermariobros1\02-bubble\02-bubble\debug\mushroom.obj
e:\vj\supermariobros1\02-bubble\02-bubble\debug\otherscenes.obj
e:\vj\supermariobros1\02-bubble\02-bubble\debug\player.obj
e:\vj\supermariobros1\02-bubble\02-bubble\debug\scene.obj
e:\vj\supermariobros1\02-bubble\02-bubble\debug\shader.obj
e:\vj\supermariobros1\02-bubble\02-bubble\debug\shaderprogram.obj
e:\vj\supermariobros1\02-bubble\02-bubble\debug\sprite.obj
e:\vj\supermariobros1\02-bubble\02-bubble\debug\star.obj
e:\vj\supermariobros1\02-bubble\02-bubble\debug\texture.obj
e:\vj\supermariobros1\02-bubble\02-bubble\debug\tilemap.obj
e:\vj\supermariobros1\02-bubble\02-bubble\debug\turtle.obj
e:\vj\supermariobros1\02-bubble\02-bubble\debug\backgroundmap.obj
e:\vj\supermariobros1\02-bubble\02-bubble\debug\bigmario.obj
e:\vj\supermariobros1\02-bubble\02-bubble\debug\block.obj
e:\vj\supermariobros1\02-bubble\02-bubble\debug\coins.obj
e:\vj\supermariobros1\02-bubble\02-bubble\debug\enemy.obj
e:\vj\supermariobros1\02-bubble\debug\02-bubble.ilk
e:\vj\supermariobros1\02-bubble\debug\02-bubble.exe
e:\vj\supermariobros1\02-bubble\debug\02-bubble.pdb
e:\vj\supermariobros1\02-bubble\02-bubble\debug\02-bubble.tlog\cl.command.1.tlog
e:\vj\supermariobros1\02-bubble\02-bubble\debug\02-bubble.tlog\cl.read.1.tlog
e:\vj\supermariobros1\02-bubble\02-bubble\debug\02-bubble.tlog\cl.write.1.tlog
e:\vj\supermariobros1\02-bubble\02-bubble\debug\02-bubble.tlog\link.command.1.tlog
e:\vj\supermariobros1\02-bubble\02-bubble\debug\02-bubble.tlog\link.read.1.tlog
e:\vj\supermariobros1\02-bubble\02-bubble\debug\02-bubble.tlog\link.write.1.tlog
